0 info it worked if it ends with ok
1 verbose cli [ '/usr/local/Cellar/node/7.7.2/bin/node',
1 verbose cli   '/usr/local/bin/npm',
1 verbose cli   'run',
1 verbose cli   'build:js' ]
2 info using npm@4.1.2
3 info using node@v7.7.2
4 verbose run-script [ 'prebuild:js', 'build:js', 'postbuild:js' ]
5 info lifecycle gossamer@1.0.0~prebuild:js: gossamer@1.0.0
6 silly lifecycle gossamer@1.0.0~prebuild:js: no script for prebuild:js, continuing
7 info lifecycle gossamer@1.0.0~build:js: gossamer@1.0.0
8 verbose lifecycle gossamer@1.0.0~build:js: unsafe-perm in lifecycle true
9 verbose lifecycle gossamer@1.0.0~build:js: PATH: /usr/local/lib/node_modules/npm/bin/node-gyp-bin:/Users/Pablo/pablo/gossamer/node_modules/.bin:/usr/local/lib/node_modules/npm/bin/node-gyp-bin:/Users/Pablo/pablo/gossamer/node_modules/.bin:/usr/local/lib/node_modules/npm/bin/node-gyp-bin:/Users/Pablo/pablo/gossamer/node_modules/.bin:/Users/Pablo/Library/Android/sdk/platform-tools:/Users/Pablo/Library/Android/sdk/tools:/usr/local/opt/php70/bin:/Users/Pablo/.themekit:/Users/Pablo/bin:/usr/local/sbin:/Users/Pablo/.jenv/bin:/Users/pablo/bin:/Users/pablo/.rbenv/shims:/usr/local/opt/fzf/bin:/Users/Pablo/.fzf/bin:/Users/Pablo/Library/Android/sdk/platform-tools:/Users/Pablo/Library/Android/sdk/tools:/usr/local/opt/php70/bin:/Users/Pablo/.themekit:/Users/Pablo/bin:/usr/local/sbin:/Users/Pablo/.jenv/bin:/Users/pablo/bin:/Users/pablo/.rbenv/shims:/usr/local/bin:/usr/bin:/bin:/usr/sbin:/sbin:/opt/X11/bin:/Library/TeX/texbin
10 verbose lifecycle gossamer@1.0.0~build:js: CWD: /Users/Pablo/pablo/gossamer
11 silly lifecycle gossamer@1.0.0~build:js: Args: [ '-c', 'rollup -c' ]
12 silly lifecycle gossamer@1.0.0~build:js: Returned: code: 1  signal: null
13 info lifecycle gossamer@1.0.0~build:js: Failed to exec build:js script
14 verbose stack Error: gossamer@1.0.0 build:js: `rollup -c`
14 verbose stack Exit status 1
14 verbose stack     at EventEmitter.<anonymous> (/usr/local/lib/node_modules/npm/lib/utils/lifecycle.js:279:16)
14 verbose stack     at emitTwo (events.js:106:13)
14 verbose stack     at EventEmitter.emit (events.js:194:7)
14 verbose stack     at ChildProcess.<anonymous> (/usr/local/lib/node_modules/npm/lib/utils/spawn.js:40:14)
14 verbose stack     at emitTwo (events.js:106:13)
14 verbose stack     at ChildProcess.emit (events.js:194:7)
14 verbose stack     at maybeClose (internal/child_process.js:899:16)
14 verbose stack     at Process.ChildProcess._handle.onexit (internal/child_process.js:226:5)
15 verbose pkgid gossamer@1.0.0
16 verbose cwd /Users/Pablo/pablo/gossamer
17 error Darwin 16.6.0
18 error argv "/usr/local/Cellar/node/7.7.2/bin/node" "/usr/local/bin/npm" "run" "build:js"
19 error node v7.7.2
20 error npm  v4.1.2
21 error code ELIFECYCLE
22 error gossamer@1.0.0 build:js: `rollup -c`
22 error Exit status 1
23 error Failed at the gossamer@1.0.0 build:js script 'rollup -c'.
23 error Make sure you have the latest version of node.js and npm installed.
23 error If you do, this is most likely a problem with the gossamer package,
23 error not with npm itself.
23 error Tell the author that this fails on your system:
23 error     rollup -c
23 error You can get information on how to open an issue for this project with:
23 error     npm bugs gossamer
23 error Or if that isn't available, you can get their info via:
23 error     npm owner ls gossamer
23 error There is likely additional logging output above.
24 verbose exit [ 1, true ]
